0 info it worked if it ends with ok
1 verbose cli [ 'C:\\Program Files\\nodejs\\node.exe',
1 verbose cli   'C:\\Program Files\\nodejs\\node_modules\\npm\\bin\\npm-cli.js',
1 verbose cli   'run',
1 verbose cli   'start' ]
2 info using npm@3.10.10
3 info using node@v6.14.4
4 verbose run-script [ 'prestart', 'start', 'poststart' ]
5 info lifecycle sample-nemb-app@1.0.0~prestart: sample-nemb-app@1.0.0
6 silly lifecycle sample-nemb-app@1.0.0~prestart: no script for prestart, continuing
7 info lifecycle sample-nemb-app@1.0.0~start: sample-nemb-app@1.0.0
8 verbose lifecycle sample-nemb-app@1.0.0~start: unsafe-perm in lifecycle true
9 verbose lifecycle sample-nemb-app@1.0.0~start: PATH: C:\nvm\v6.14.4\node_modules\npm\bin\node-gyp-bin;C:\Users\JAPerez\Documents\Jayvee Perez\GitHub\sample-nemb-app\node_modules\.bin;C:\WINDOWS\system32;C:\WINDOWS;C:\WINDOWS\System32\Wbem;C:\WINDOWS\System32\WindowsPowerShell\v1.0\;C:\Program Files (x86)\Microsoft SQL Server\110\Tools\Binn\ManagementStudio\;C:\Program Files (x86)\Microsoft SQL Server\110\Tools\Binn\;C:\Program Files\Microsoft SQL Server\110\Tools\Binn\;C:\Program Files (x86)\Microsoft SQL Server\110\DTS\Binn\;C:\Program Files\dotnet\;C:\Program Files\Microsoft SQL Server\130\Tools\Binn\;C:\nvm;C:\nvm;C:\Program Files (x86)\Sennheiser\SoftphoneSDK\;C:\Program Files\nodejs;C:\WINDOWS\system32\config\systemprofile\.dnx\bin;C:\Program Files\Microsoft DNX\Dnvm\;C:\Program Files\Microsoft SQL Server\120\Tools\Binn\;C:\Users\JAPerez\AppData\Local\Microsoft\WindowsApps;C:\Users\JAPerez\AppData\Local\Programs\Microsoft VS Code\bin;C:\Users\JAPerez\AppData\Local\GitHubDesktop\bin;C:\Users\JAPerez\AppData\Local\Programs\Git\cmd
10 verbose lifecycle sample-nemb-app@1.0.0~start: CWD: C:\Users\JAPerez\Documents\Jayvee Perez\GitHub\sample-nemb-app
11 silly lifecycle sample-nemb-app@1.0.0~start: Args: [ '/d /s /c', 'babel-node src/index.js' ]
12 verbose stack Error: kill ENOSYS
12 verbose stack     at Object.exports._errnoException (util.js:1020:11)
12 verbose stack     at process.kill (internal/process.js:191:18)
12 verbose stack     at process.listener (C:\nvm\v6.14.4\node_modules\npm\node_modules\npmlog\node_modules\gauge\node_modules\signal-exit\index.js:86:15)
12 verbose stack     at emitNone (events.js:91:20)
12 verbose stack     at process.emit (events.js:185:7)
12 verbose stack     at processEmit (C:\nvm\v6.14.4\node_modules\npm\node_modules\npmlog\node_modules\gauge\node_modules\signal-exit\index.js:146:32)
12 verbose stack     at processEmit (C:\nvm\v6.14.4\node_modules\npm\node_modules\npm-registry-client\node_modules\npmlog\node_modules\gauge\node_modules\signal-exit\index.js:146:32)
12 verbose stack     at Signal.wrap.onsignal (internal/process.js:217:44)
13 verbose cwd C:\Users\JAPerez\Documents\Jayvee Perez\GitHub\sample-nemb-app
14 error Windows_NT 10.0.14393
15 error argv "C:\\Program Files\\nodejs\\node.exe" "C:\\Program Files\\nodejs\\node_modules\\npm\\bin\\npm-cli.js" "run" "start"
16 error node v6.14.4
17 error npm  v3.10.10
18 error code ENOSYS
19 error errno ENOSYS
20 error syscall kill
21 error kill ENOSYS
22 error If you need help, you may report this error at:
22 error     <https://github.com/npm/npm/issues>
23 verbose exit [ 1, true ]
